[Fri Aug 26 11:40:47.457702 2022] [ssl:warn] [pid 7668:tid 464] AH01909: www.example.com:443:0 server certificate does NOT include an ID which matches the server name
[Fri Aug 26 11:40:47.504568 2022] [ssl:warn] [pid 7668:tid 464] AH01909: www.example.com:443:0 server certificate does NOT include an ID which matches the server name
[Fri Aug 26 11:40:47.567053 2022] [mpm_winnt:notice] [pid 7668:tid 464] AH00455: Apache/2.4.53 (Win64) OpenSSL/1.1.1n PHP/7.4.29 configured -- resuming normal operations
[Fri Aug 26 11:40:47.567053 2022] [mpm_winnt:notice] [pid 7668:tid 464] AH00456: Apache Lounge VC15 Server built: Mar 16 2022 15:48:38
[Fri Aug 26 11:40:47.567053 2022] [core:notice] [pid 7668:tid 464] AH00094: Command line: 'c:\\xampp\\apache\\bin\\httpd.exe -d C:/xampp/apache'
[Fri Aug 26 11:40:47.567053 2022] [mpm_winnt:notice] [pid 7668:tid 464] AH00418: Parent: Created child process 2000
[Fri Aug 26 11:40:48.313991 2022] [ssl:warn] [pid 2000:tid 448] AH01909: www.example.com:443:0 server certificate does NOT include an ID which matches the server name
[Fri Aug 26 11:40:48.360863 2022] [ssl:warn] [pid 2000:tid 448] AH01909: www.example.com:443:0 server certificate does NOT include an ID which matches the server name
[Fri Aug 26 11:40:48.392104 2022] [mpm_winnt:notice] [pid 2000:tid 448] AH00354: Child: Starting 150 worker threads.
[Fri Aug 26 13:19:26.293651 2022] [php7:error] [pid 2000:tid 1832] [client ::1:49325] script 'C:/xampp/htdocs/tupinamb\xc3\xa1/disponiveis.php' not found or unable to stat, referer: http://localhost/tupinamb%c3%a1/index.php
[Mon Aug 29 16:09:36.201435 2022] [php7:warn] [pid 2000:tid 1852] [client ::1:50746] PHP Warning:  include_once(conexao.php): failed to open stream: No such file or directory in C:\\xampp\\htdocs\\TUPI2\\disponiveis.php on line 3, referer: http://localhost/TUPI2/
[Mon Aug 29 16:09:36.202430 2022] [php7:warn] [pid 2000:tid 1852] [client ::1:50746] PHP Warning:  include_once(): Failed opening 'conexao.php' for inclusion (include_path='C:\\xampp\\php\\PEAR') in C:\\xampp\\htdocs\\TUPI2\\disponiveis.php on line 3, referer: http://localhost/TUPI2/
[Mon Aug 29 16:09:36.204423 2022] [php7:notice] [pid 2000:tid 1852] [client ::1:50746] PHP Notice:  Undefined variable: conexao in C:\\xampp\\htdocs\\TUPI2\\disponiveis.php on line 6, referer: http://localhost/TUPI2/
[Mon Aug 29 16:09:36.204423 2022] [php7:warn] [pid 2000:tid 1852] [client ::1:50746] PHP Warning:  mysqli_query() expects parameter 1 to be mysqli, null given in C:\\xampp\\htdocs\\TUPI2\\disponiveis.php on line 6, referer: http://localhost/TUPI2/
[Mon Aug 29 16:09:36.205420 2022] [php7:warn] [pid 2000:tid 1852] [client ::1:50746] PHP Warning:  mysqli_num_rows() expects parameter 1 to be mysqli_result, null given in C:\\xampp\\htdocs\\TUPI2\\disponiveis.php on line 7, referer: http://localhost/TUPI2/
[Mon Aug 29 16:09:36.205420 2022] [php7:warn] [pid 2000:tid 1852] [client ::1:50746] PHP Warning:  mysqli_fetch_array() expects parameter 1 to be mysqli_result, null given in C:\\xampp\\htdocs\\TUPI2\\disponiveis.php on line 65, referer: http://localhost/TUPI2/
[Mon Aug 29 16:09:36.205420 2022] [php7:notice] [pid 2000:tid 1852] [client ::1:50746] PHP Notice:  Undefined variable: conexao in C:\\xampp\\htdocs\\TUPI2\\disponiveis.php on line 84, referer: http://localhost/TUPI2/
[Mon Aug 29 16:09:36.206418 2022] [php7:warn] [pid 2000:tid 1852] [client ::1:50746] PHP Warning:  mysqli_close() expects parameter 1 to be mysqli, null given in C:\\xampp\\htdocs\\TUPI2\\disponiveis.php on line 84, referer: http://localhost/TUPI2/
[Mon Aug 29 16:10:30.815895 2022] [php7:warn] [pid 2000:tid 1816] [client ::1:50747] PHP Warning:  include_once(conexao.php): failed to open stream: No such file or directory in C:\\xampp\\htdocs\\TUPI2\\disponiveis.php on line 3, referer: http://localhost/TUPI2/
[Mon Aug 29 16:10:30.815895 2022] [php7:warn] [pid 2000:tid 1816] [client ::1:50747] PHP Warning:  include_once(): Failed opening 'conexao.php' for inclusion (include_path='C:\\xampp\\php\\PEAR') in C:\\xampp\\htdocs\\TUPI2\\disponiveis.php on line 3, referer: http://localhost/TUPI2/
[Mon Aug 29 16:10:30.815895 2022] [php7:notice] [pid 2000:tid 1816] [client ::1:50747] PHP Notice:  Undefined variable: conexao in C:\\xampp\\htdocs\\TUPI2\\disponiveis.php on line 6, referer: http://localhost/TUPI2/
[Mon Aug 29 16:10:30.816893 2022] [php7:warn] [pid 2000:tid 1816] [client ::1:50747] PHP Warning:  mysqli_query() expects parameter 1 to be mysqli, null given in C:\\xampp\\htdocs\\TUPI2\\disponiveis.php on line 6, referer: http://localhost/TUPI2/
[Mon Aug 29 16:10:30.816893 2022] [php7:warn] [pid 2000:tid 1816] [client ::1:50747] PHP Warning:  mysqli_num_rows() expects parameter 1 to be mysqli_result, null given in C:\\xampp\\htdocs\\TUPI2\\disponiveis.php on line 7, referer: http://localhost/TUPI2/
[Mon Aug 29 16:10:30.816893 2022] [php7:warn] [pid 2000:tid 1816] [client ::1:50747] PHP Warning:  mysqli_fetch_array() expects parameter 1 to be mysqli_result, null given in C:\\xampp\\htdocs\\TUPI2\\disponiveis.php on line 65, referer: http://localhost/TUPI2/
[Mon Aug 29 16:10:30.817890 2022] [php7:notice] [pid 2000:tid 1816] [client ::1:50747] PHP Notice:  Undefined variable: conexao in C:\\xampp\\htdocs\\TUPI2\\disponiveis.php on line 84, referer: http://localhost/TUPI2/
[Mon Aug 29 16:10:30.817890 2022] [php7:warn] [pid 2000:tid 1816] [client ::1:50747] PHP Warning:  mysqli_close() expects parameter 1 to be mysqli, null given in C:\\xampp\\htdocs\\TUPI2\\disponiveis.php on line 84, referer: http://localhost/TUPI2/
[Mon Aug 29 17:51:27.355345 2022] [php7:error] [pid 2000:tid 1852] [client ::1:51202] script 'C:/xampp/htdocs/teste/consulta.php' not found or unable to stat, referer: http://localhost/teste/
[Mon Aug 29 17:52:17.254419 2022] [php7:error] [pid 2000:tid 1848] [client ::1:51203] script 'C:/xampp/htdocs/teste/consulta.php' not found or unable to stat, referer: http://localhost/teste/
[Mon Aug 29 17:58:03.003010 2022] [php7:error] [pid 2000:tid 1860] [client ::1:51245] script 'C:/xampp/htdocs/teste/consultas2.php' not found or unable to stat
[Mon Aug 29 17:58:12.923882 2022] [php7:error] [pid 2000:tid 1832] [client ::1:51246] script 'C:/xampp/htdocs/teste/consultas2.php' not found or unable to stat
[Tue Aug 30 08:56:33.202949 2022] [ssl:warn] [pid 3008:tid 452] AH01909: www.example.com:443:0 server certificate does NOT include an ID which matches the server name
[Tue Aug 30 08:56:33.252354 2022] [core:warn] [pid 3008:tid 452] AH00098: pid file C:/xampp/apache/logs/httpd.pid overwritten -- Unclean shutdown of previous Apache run?
[Tue Aug 30 08:56:33.257215 2022] [ssl:warn] [pid 3008:tid 452] AH01909: www.example.com:443:0 server certificate does NOT include an ID which matches the server name
[Tue Aug 30 08:56:33.537032 2022] [mpm_winnt:notice] [pid 3008:tid 452] AH00455: Apache/2.4.53 (Win64) OpenSSL/1.1.1n PHP/7.4.29 configured -- resuming normal operations
[Tue Aug 30 08:56:33.537032 2022] [mpm_winnt:notice] [pid 3008:tid 452] AH00456: Apache Lounge VC15 Server built: Mar 16 2022 15:48:38
[Tue Aug 30 08:56:33.537032 2022] [core:notice] [pid 3008:tid 452] AH00094: Command line: 'c:\\xampp\\apache\\bin\\httpd.exe -d C:/xampp/apache'
[Tue Aug 30 08:56:33.540690 2022] [mpm_winnt:notice] [pid 3008:tid 452] AH00418: Parent: Created child process 8980
[Tue Aug 30 08:56:34.002797 2022] [ssl:warn] [pid 8980:tid 408] AH01909: www.example.com:443:0 server certificate does NOT include an ID which matches the server name
[Tue Aug 30 08:56:34.048532 2022] [ssl:warn] [pid 8980:tid 408] AH01909: www.example.com:443:0 server certificate does NOT include an ID which matches the server name
[Tue Aug 30 08:56:34.079046 2022] [mpm_winnt:notice] [pid 8980:tid 408] AH00354: Child: Starting 150 worker threads.
[Thu Sep 01 08:29:23.433112 2022] [ssl:warn] [pid 7904:tid 448] AH01909: www.example.com:443:0 server certificate does NOT include an ID which matches the server name
[Thu Sep 01 08:29:23.480237 2022] [core:warn] [pid 7904:tid 448] AH00098: pid file C:/xampp/apache/logs/httpd.pid overwritten -- Unclean shutdown of previous Apache run?
[Thu Sep 01 08:29:23.483031 2022] [ssl:warn] [pid 7904:tid 448] AH01909: www.example.com:443:0 server certificate does NOT include an ID which matches the server name
[Thu Sep 01 08:29:23.835844 2022] [mpm_winnt:notice] [pid 7904:tid 448] AH00455: Apache/2.4.53 (Win64) OpenSSL/1.1.1n PHP/7.4.29 configured -- resuming normal operations
[Thu Sep 01 08:29:23.835844 2022] [mpm_winnt:notice] [pid 7904:tid 448] AH00456: Apache Lounge VC15 Server built: Mar 16 2022 15:48:38
[Thu Sep 01 08:29:23.835844 2022] [core:notice] [pid 7904:tid 448] AH00094: Command line: 'c:\\xampp\\apache\\bin\\httpd.exe -d C:/xampp/apache'
[Thu Sep 01 08:29:23.855832 2022] [mpm_winnt:notice] [pid 7904:tid 448] AH00418: Parent: Created child process 5952
[Thu Sep 01 08:29:24.351410 2022] [ssl:warn] [pid 5952:tid 416] AH01909: www.example.com:443:0 server certificate does NOT include an ID which matches the server name
[Thu Sep 01 08:29:24.394084 2022] [ssl:warn] [pid 5952:tid 416] AH01909: www.example.com:443:0 server certificate does NOT include an ID which matches the server name
[Thu Sep 01 08:29:24.425766 2022] [mpm_winnt:notice] [pid 5952:tid 416] AH00354: Child: Starting 150 worker threads.
