2022-08-26 11:40:47 0 [Note] InnoDB: Mutexes and rw_locks use Windows interlocked functions
2022-08-26 11:40:47 0 [Note] InnoDB: Uses event mutexes
2022-08-26 11:40:47 0 [Note] InnoDB: Compressed tables use zlib 1.2.11
2022-08-26 11:40:47 0 [Note] InnoDB: Number of pools: 1
2022-08-26 11:40:47 0 [Note] InnoDB: Using SSE2 crc32 instructions
2022-08-26 11:40:47 0 [Note] InnoDB: Initializing buffer pool, total size = 16M, instances = 1, chunk size = 16M
2022-08-26 11:40:47 0 [Note] InnoDB: Completed initialization of buffer pool
2022-08-26 11:40:47 0 [Note] InnoDB: Starting crash recovery from checkpoint LSN=300288
2022-08-26 11:40:47 0 [Note] InnoDB: 128 out of 128 rollback segments are active.
2022-08-26 11:40:47 0 [Note] InnoDB: Removed temporary tablespace data file: "ibtmp1"
2022-08-26 11:40:47 0 [Note] InnoDB: Creating shared tablespace for temporary tables
2022-08-26 11:40:47 0 [Note] InnoDB: Setting file 'C:\xampp\mysql\data\ibtmp1' size to 12 MB. Physically writing the file full; Please wait ...
2022-08-26 11:40:47 0 [Note] InnoDB: File 'C:\xampp\mysql\data\ibtmp1' size is now 12 MB.
2022-08-26 11:40:47 0 [Note] InnoDB: Waiting for purge to start
2022-08-26 11:40:47 0 [Note] InnoDB: 10.4.24 started; log sequence number 300297; transaction id 170
2022-08-26 11:40:47 0 [Note] InnoDB: Loading buffer pool(s) from C:\xampp\mysql\data\ib_buffer_pool
2022-08-26 11:40:47 0 [Note] Plugin 'FEEDBACK' is disabled.
2022-08-26 11:40:47 0 [Note] Server socket created on IP: '::'.
2022-08-26 11:40:47 0 [Note] InnoDB: Buffer pool(s) load completed at 220826 11:40:47
2022-08-30  8:56:33 0 [Note] InnoDB: Mutexes and rw_locks use Windows interlocked functions
2022-08-30  8:56:33 0 [Note] InnoDB: Uses event mutexes
2022-08-30  8:56:33 0 [Note] InnoDB: Compressed tables use zlib 1.2.11
2022-08-30  8:56:33 0 [Note] InnoDB: Number of pools: 1
2022-08-30  8:56:33 0 [Note] InnoDB: Using SSE2 crc32 instructions
2022-08-30  8:56:33 0 [Note] InnoDB: Initializing buffer pool, total size = 16M, instances = 1, chunk size = 16M
2022-08-30  8:56:33 0 [Note] InnoDB: Completed initialization of buffer pool
2022-08-30  8:56:33 0 [Note] InnoDB: Starting crash recovery from checkpoint LSN=392290
2022-08-30  8:56:34 0 [Note] InnoDB: 128 out of 128 rollback segments are active.
2022-08-30  8:56:34 0 [Note] InnoDB: Removed temporary tablespace data file: "ibtmp1"
2022-08-30  8:56:34 0 [Note] InnoDB: Creating shared tablespace for temporary tables
2022-08-30  8:56:34 0 [Note] InnoDB: Setting file 'C:\xampp\mysql\data\ibtmp1' size to 12 MB. Physically writing the file full; Please wait ...
2022-08-30  8:56:34 0 [Note] InnoDB: File 'C:\xampp\mysql\data\ibtmp1' size is now 12 MB.
2022-08-30  8:56:34 0 [Note] InnoDB: Waiting for purge to start
2022-08-30  8:56:34 0 [Note] InnoDB: 10.4.24 started; log sequence number 392299; transaction id 536
2022-08-30  8:56:34 0 [Note] InnoDB: Loading buffer pool(s) from C:\xampp\mysql\data\ib_buffer_pool
2022-08-30  8:56:34 0 [Note] Plugin 'FEEDBACK' is disabled.
2022-08-30  8:56:34 0 [Note] InnoDB: Buffer pool(s) load completed at 220830  8:56:34
2022-08-30  8:56:34 0 [Note] Server socket created on IP: '::'.
2022-09-01  8:30:34 0 [Note] mysqld.exe: Aria engine: starting recovery
recovered pages: 0% 21% 31% 71% 90% 100% (0.0 seconds); tables to flush: 1 0
 (0.0 seconds); 
2022-09-01  8:30:34 0 [Note] mysqld.exe: Aria engine: recovery done
2022-09-01  8:30:34 0 [Note] InnoDB: Mutexes and rw_locks use Windows interlocked functions
2022-09-01  8:30:34 0 [Note] InnoDB: Uses event mutexes
2022-09-01  8:30:34 0 [Note] InnoDB: Compressed tables use zlib 1.2.11
2022-09-01  8:30:34 0 [Note] InnoDB: Number of pools: 1
2022-09-01  8:30:34 0 [Note] InnoDB: Using SSE2 crc32 instructions
2022-09-01  8:30:34 0 [Note] InnoDB: Initializing buffer pool, total size = 16M, instances = 1, chunk size = 16M
2022-09-01  8:30:34 0 [Note] InnoDB: Completed initialization of buffer pool
2022-09-01  8:30:34 0 [Note] InnoDB: Starting crash recovery from checkpoint LSN=412071
2022-09-01  8:30:35 0 [Note] InnoDB: 128 out of 128 rollback segments are active.
2022-09-01  8:30:35 0 [Note] InnoDB: Removed temporary tablespace data file: "ibtmp1"
2022-09-01  8:30:35 0 [Note] InnoDB: Creating shared tablespace for temporary tables
2022-09-01  8:30:35 0 [Note] InnoDB: Setting file 'C:\xampp\mysql\data\ibtmp1' size to 12 MB. Physically writing the file full; Please wait ...
2022-09-01  8:30:35 0 [Note] InnoDB: File 'C:\xampp\mysql\data\ibtmp1' size is now 12 MB.
2022-09-01  8:30:35 0 [Note] InnoDB: Waiting for purge to start
2022-09-01  8:30:35 0 [Note] InnoDB: 10.4.24 started; log sequence number 412080; transaction id 644
2022-09-01  8:30:35 0 [Note] InnoDB: Loading buffer pool(s) from C:\xampp\mysql\data\ib_buffer_pool
2022-09-01  8:30:35 0 [Note] Plugin 'FEEDBACK' is disabled.
2022-09-01  8:30:35 0 [Note] InnoDB: Buffer pool(s) load completed at 220901  8:30:35
2022-09-01  8:30:35 0 [Note] Server socket created on IP: '::'.
